<?xml version="1.0" encoding="UTF-8"?>
<!-- Generated by org.testng.reporters.JUnitReportReporter -->
<testsuite hostname="jagadeeshs-MacBook-Air.local" failures="0" tests="3" name="test.Runnable" time="65.510" errors="0" timestamp="2022-05-09T03:01:15 IST" skipped="0">
  <testcase classname="test.Runnable" name="EnterData" time="26.165"/>
  <system-out/>
  <testcase classname="test.Runnable" name="Reset" time="20.616"/>
  <system-out/>
  <testcase classname="test.Runnable" name="Errormsg" time="18.729"/>
  <system-out/>
</testsuite> <!-- test.Runnable -->
